26/04/18 21:22:06 WARN Utils: Your hostname, nazeer-Latitude-5490 resolves to a loopback address: 127.0.1.1; using 10.179.167.65 instead (on interface wlp2s0)
26/04/18 21:22:06 WARN Utils: Set SPARK_LOCAL_IP if you need to bind to another address
26/04/18 21:22:08 INFO SparkContext: Running Spark version 3.5.1
26/04/18 21:22:08 INFO SparkContext: OS info Linux, 6.17.0-20-generic, amd64
26/04/18 21:22:08 INFO SparkContext: Java version 11.0.30
26/04/18 21:22:08 WARN NativeCodeLoader: Unable to load native-hadoop library for your platform... using builtin-java classes where applicable
26/04/18 21:22:08 INFO ResourceUtils: ==============================================================
26/04/18 21:22:08 INFO ResourceUtils: No custom resources configured for spark.driver.
26/04/18 21:22:08 INFO ResourceUtils: ==============================================================
26/04/18 21:22:08 INFO SparkContext: Submitted application: AirQuality-Preprocessing
26/04/18 21:22:08 INFO ResourceProfile: Default ResourceProfile created, executor resources: Map(cores -> name: cores, amount: 1, script: , vendor: , memory -> name: memory, amount: 1024, script: , vendor: , offHeap -> name: offHeap, amount: 0, script: , vendor: ), task resources: Map(cpus -> name: cpus, amount: 1.0)
26/04/18 21:22:08 INFO ResourceProfile: Limiting resource is cpu
26/04/18 21:22:08 INFO ResourceProfileManager: Added ResourceProfile id: 0
26/04/18 21:22:08 INFO SecurityManager: Changing view acls to: nazeer
26/04/18 21:22:08 INFO SecurityManager: Changing modify acls to: nazeer
26/04/18 21:22:08 INFO SecurityManager: Changing view acls groups to: 
26/04/18 21:22:08 INFO SecurityManager: Changing modify acls groups to: 
26/04/18 21:22:08 INFO SecurityManager: SecurityManager: authentication disabled; ui acls disabled; users with view permissions: nazeer; groups with view permissions: EMPTY; users with modify permissions: nazeer; groups with modify permissions: EMPTY
26/04/18 21:22:08 INFO Utils: Successfully started service 'sparkDriver' on port 34603.
26/04/18 21:22:08 INFO SparkEnv: Registering MapOutputTracker
26/04/18 21:22:08 INFO SparkEnv: Registering BlockManagerMaster
26/04/18 21:22:08 INFO BlockManagerMasterEndpoint: Using org.apache.spark.storage.DefaultTopologyMapper for getting topology information
26/04/18 21:22:08 INFO BlockManagerMasterEndpoint: BlockManagerMasterEndpoint up
26/04/18 21:22:08 INFO SparkEnv: Registering BlockManagerMasterHeartbeat
26/04/18 21:22:08 INFO DiskBlockManager: Created local directory at /tmp/blockmgr-e4e68f28-2a69-491b-8ff3-3c3346077a94
26/04/18 21:22:08 INFO MemoryStore: MemoryStore started with capacity 1048.8 MiB
26/04/18 21:22:08 INFO SparkEnv: Registering OutputCommitCoordinator
26/04/18 21:22:08 INFO JettyUtils: Start Jetty 0.0.0.0:4040 for SparkUI
26/04/18 21:22:08 INFO Utils: Successfully started service 'SparkUI' on port 4040.
26/04/18 21:22:09 INFO Executor: Starting executor ID driver on host 10.179.167.65
26/04/18 21:22:09 INFO Executor: OS info Linux, 6.17.0-20-generic, amd64
26/04/18 21:22:09 INFO Executor: Java version 11.0.30
26/04/18 21:22:09 INFO Executor: Starting executor with user classpath (userClassPathFirst = false): ''
26/04/18 21:22:09 INFO Executor: Created or updated repl class loader org.apache.spark.util.MutableURLClassLoader@191ecc9f for default.
26/04/18 21:22:09 INFO Utils: Successfully started service 'org.apache.spark.network.netty.NettyBlockTransferService' on port 39417.
26/04/18 21:22:09 INFO NettyBlockTransferService: Server created on 10.179.167.65:39417
26/04/18 21:22:09 INFO BlockManager: Using org.apache.spark.storage.RandomBlockReplicationPolicy for block replication policy
26/04/18 21:22:09 INFO BlockManagerMaster: Registering BlockManager BlockManagerId(driver, 10.179.167.65, 39417, None)
26/04/18 21:22:09 INFO BlockManagerMasterEndpoint: Registering block manager 10.179.167.65:39417 with 1048.8 MiB RAM, BlockManagerId(driver, 10.179.167.65, 39417, None)
26/04/18 21:22:09 INFO BlockManagerMaster: Registered BlockManager BlockManagerId(driver, 10.179.167.65, 39417, None)
26/04/18 21:22:09 INFO BlockManager: Initialized BlockManager: BlockManagerId(driver, 10.179.167.65, 39417, None)
2026-04-18 21:22:09  [INFO]  Reading raw CSV from: /home/nazeer/DDM/hadoop_work/AirQuality.csv
2026-04-18 21:22:13  [INFO]  Raw schema: [('Date', 'string'), ('Time', 'string'), ('CO(GT)', 'string'), ('PT08.S1(CO)', 'string'), ('NMHC(GT)', 'string'), ('C6H6(GT)', 'string'), ('PT08.S2(NMHC)', 'string'), ('NOx(GT)', 'string'), ('PT08.S3(NOx)', 'string'), ('NO2(GT)', 'string'), ('PT08.S4(NO2)', 'string'), ('PT08.S5(O3)', 'string'), ('T', 'string'), ('RH', 'string'), ('AH', 'string'), ('_c15', 'string'), ('_c16', 'string')]
2026-04-18 21:22:14  [INFO]  Row count (raw): 9471
2026-04-18 21:22:14  [INFO]  Fixing decimal format (comma → dot) and casting to Double …
2026-04-18 21:22:14  [INFO]  Replacing sentinel -200.0 with null …
2026-04-18 21:22:17  [WARNING]  Dropping columns with > 40% missing: [('NMHC_GT', '90.3%')]
2026-04-18 21:22:17  [INFO]  Imputing missing values with mean strategy for: ['CO_GT', 'PT08_S1_CO', 'C6H6_GT', 'PT08_S2_NMHC', 'NOx_GT', 'PT08_S3_NOx', 'NO2_GT', 'PT08_S4_NO2', 'PT08_S5_O3', 'T', 'RH', 'AH']
2026-04-18 21:22:18  [INFO]  Engineering features: extracting Hour from Time …
2026-04-18 21:22:19  [INFO]  Dropped 0 rows with null target 'CO_GT'. Remaining: 9471
2026-04-18 21:22:19  [INFO]  === Sample of Cleaned Data ===
26/04/18 21:22:19 WARN CSVHeaderChecker: CSV header does not conform to the schema.
 Header: Date, Time, CO(GT), PT08.S1(CO), C6H6(GT), PT08.S2(NMHC), NOx(GT), PT08.S3(NOx), NO2(GT), PT08.S4(NO2), PT08.S5(O3), T, RH, AH, , 
 Schema: Date, Time, CO(GT), PT08.S1(CO), C6H6(GT), PT08.S2(NMHC), NOx(GT), PT08.S3(NOx), NO2(GT), PT08.S4(NO2), PT08.S5(O3), T, RH, AH, _c15, _c16
Expected: _c15 but found: 
CSV file: file:///home/nazeer/DDM/hadoop_work/AirQuality.csv
+----------+--------+-----+----------+-------+------------+-----------------+-----------+------------------+-----------+----------+----+----+------+----+----+----+----------+
|Date      |Time    |CO_GT|PT08_S1_CO|C6H6_GT|PT08_S2_NMHC|NOx_GT           |PT08_S3_NOx|NO2_GT            |PT08_S4_NO2|PT08_S5_O3|T   |RH  |AH    |_c15|_c16|Hour|IsRushHour|
+----------+--------+-----+----------+-------+------------+-----------------+-----------+------------------+-----------+----------+----+----+------+----+----+----+----------+
|10/03/2004|18.00.00|2.6  |1360.0    |11.9   |1046.0      |166.0            |1056.0     |113.0             |1692.0     |1268.0    |13.6|48.9|0.7578|NULL|NULL|18  |1         |
|10/03/2004|19.00.00|2.0  |1292.0    |9.4    |955.0       |103.0            |1174.0     |92.0              |1559.0     |972.0     |13.3|47.7|0.7255|NULL|NULL|19  |1         |
|10/03/2004|20.00.00|2.2  |1402.0    |9.0    |939.0       |131.0            |1140.0     |114.0             |1555.0     |1074.0    |11.9|54.0|0.7502|NULL|NULL|20  |0         |
|10/03/2004|21.00.00|2.2  |1376.0    |9.2    |948.0       |172.0            |1092.0     |122.0             |1584.0     |1203.0    |11.0|60.0|0.7867|NULL|NULL|21  |0         |
|10/03/2004|22.00.00|1.6  |1272.0    |6.5    |836.0       |131.0            |1205.0     |116.0             |1490.0     |1110.0    |11.2|59.6|0.7888|NULL|NULL|22  |0         |
|10/03/2004|23.00.00|1.2  |1197.0    |4.7    |750.0       |89.0             |1337.0     |96.0              |1393.0     |949.0     |11.2|59.2|0.7848|NULL|NULL|23  |0         |
|11/03/2004|00.00.00|1.2  |1185.0    |3.6    |690.0       |62.0             |1462.0     |77.0              |1333.0     |733.0     |11.3|56.8|0.7603|NULL|NULL|0   |0         |
|11/03/2004|01.00.00|1.0  |1136.0    |3.3    |672.0       |62.0             |1453.0     |76.0              |1333.0     |730.0     |10.7|60.0|0.7702|NULL|NULL|1   |0         |
|11/03/2004|02.00.00|0.9  |1094.0    |2.3    |609.0       |45.0             |1579.0     |60.0              |1276.0     |620.0     |10.7|59.7|0.7648|NULL|NULL|2   |0         |
|11/03/2004|03.00.00|0.6  |1010.0    |1.7    |561.0       |246.8967349054159|1705.0     |113.09125081011017|1235.0     |501.0     |10.3|60.2|0.7517|NULL|NULL|3   |0         |
+----------+--------+-----+----------+-------+------------+-----------------+-----------+------------------+-----------+----------+----+----+------+----+----+----+----------+
only showing top 10 rows

root
 |-- Date: string (nullable = true)
 |-- Time: string (nullable = true)
 |-- CO_GT: double (nullable = true)
 |-- PT08_S1_CO: double (nullable = true)
 |-- C6H6_GT: double (nullable = true)
 |-- PT08_S2_NMHC: double (nullable = true)
 |-- NOx_GT: double (nullable = true)
 |-- PT08_S3_NOx: double (nullable = true)
 |-- NO2_GT: double (nullable = true)
 |-- PT08_S4_NO2: double (nullable = true)
 |-- PT08_S5_O3: double (nullable = true)
 |-- T: double (nullable = true)
 |-- RH: double (nullable = true)
 |-- AH: double (nullable = true)
 |-- _c15: string (nullable = true)
 |-- _c16: string (nullable = true)
 |-- Hour: integer (nullable = true)
 |-- IsRushHour: integer (nullable = false)

2026-04-18 21:22:19  [INFO]  Writing cleaned data to: /home/nazeer/DDM/hadoop_work/spark_pipeline/output/cleaned_data
26/04/18 21:22:20 WARN CSVHeaderChecker: CSV header does not conform to the schema.
 Header: Date, Time, CO(GT), PT08.S1(CO), C6H6(GT), PT08.S2(NMHC), NOx(GT), PT08.S3(NOx), NO2(GT), PT08.S4(NO2), PT08.S5(O3), T, RH, AH, , 
 Schema: Date, Time, CO(GT), PT08.S1(CO), C6H6(GT), PT08.S2(NMHC), NOx(GT), PT08.S3(NOx), NO2(GT), PT08.S4(NO2), PT08.S5(O3), T, RH, AH, _c15, _c16
Expected: _c15 but found: 
CSV file: file:///home/nazeer/DDM/hadoop_work/AirQuality.csv
2026-04-18 21:22:21  [INFO]  ✅ Preprocessing complete.
2026-04-18 21:22:21  [INFO]  Closing down clientserver connection
